<?xml version="1.0" encoding="UTF-8"?>
<!-- Generated by org.testng.reporters.JUnitReportReporter -->
<testsuite hostname="DESKTOP-5M0TAO1" failures="0" tests="1" name="com.qa.testcases.DashBoard_Test" time="4.179" errors="0" timestamp="20 Jun 2025 10:21:03 GMT" skipped="0">
  <testcase classname="com.qa.testcases.DashBoard_Test" name="verify_DashBoardPage" time="4.179"/>
</testsuite> <!-- com.qa.testcases.DashBoard_Test -->
