<?xml version="1.0" encoding="UTF-8"?>
<!-- Generated by org.testng.reporters.JUnitReportReporter -->
<testsuite hostname="DESKTOP-5M0TAO1" failures="0" tests="1" name="com.qa.testcases.Login_Test" time="7.530" errors="0" timestamp="20 Jun 2025 10:21:03 GMT" skipped="0">
  <testcase classname="com.qa.testcases.Login_Test" name="verify_LoginTest" time="7.530"/>
</testsuite> <!-- com.qa.testcases.Login_Test -->
